JHDU1496947: 20.807.040/9727-93<->48.223.132/0184-47
UNLU0213648: 14.002.982/4406-08<->67.794.089/2383-15
ROAU6343494: 66.393.614/1927-34<->00.469.350/6580-81
TDTU9955058: 51.567.393/4230-07<->31.961.478/7498-26
ULNZ4598072: 48.563.885/7111-44<->68.893.956/5476-84
WTEZ1763515: 00.424.518/2846-87<->89.140.540/4359-78
BWEJ5262889: 80.802.738/7608-68<->16.004.948/7163-86
TVVJ9311197: 96.770.743/4628-67<->58.691.945/1949-44
IFZJ1490391: 01.404.217/6498-95<->03.537.547/0783-83
NKRZ8803457: 58.700.911/3351-09<->57.034.828/8778-99
DVKZ4252046: 06.743.535/2575-07<->06.741.024/8140-52
WHZZ4658218: 01.794.361/9284-93<->10.247.982/5559-83
XCUU5065802: 92.366.796/8618-33<->63.426.282/9115-67
PLZJ2535177: 77.891.532/2312-71<->05.039.009/0998-19
ZDQU5686068: 14.060.824/8974-11<->85.035.350/4237-07
LBHU2102612: 65.683.584/8069-19<->91.775.009/8022-32
VGRZ0433034: 78.832.874/1334-32<->08.622.302/3757-76
PPOJ5951898: 98.345.048/7876-27<->65.526.443/9967-40
NXTU8220966: 41.054.739/7569-25<->90.777.406/3500-90
IODJ1058225: 38.349.478/1359-81<->47.092.693/7831-92
IOIZ3116376: 71.187.257/3578-06<->97.382.379/1551-00
HTBZ2172290: 67.002.024/6366-66<->37.297.957/1589-06
KCGU5082069: 00.456.611/9548-76<->82.105.576/9506-14
OTUJ1635920: 21.554.359/3207-98<->44.129.603/9033-76
BBAU4124623: 52.645.247/4376-37<->30.349.682/3989-79
HIRZ6018208: 74.569.265/5181-23<->20.431.072/3586-42
NEPU4758713: 47.077.172/7339-37<->37.457.422/5348-54
FXAU6774052: 79.382.684/6520-07<->74.648.405/8224-14
SZYJ0955381: 81.347.035/4257-54<->91.824.551/3098-64
NLNJ2789047: 76.010.121/5156-88<->73.084.430/0382-01
CFKJ0773667: 14.668.598/1687-18<->22.262.016/6088-80
CWHU1278872: 33.736.829/3294-26<->52.533.812/7033-32
ETMU7232775: 46.197.878/5247-11<->90.840.207/5211-45
QEGZ1359680: 17.471.160/7071-74<->41.563.085/3512-56
LEYU2231095: 65.728.083/2342-09<->28.812.201/6100-97
VHQJ6826087: 67.748.027/9865-05<->02.558.761/5152-23
RTEJ9384559: 88.593.054/1772-90<->52.778.008/4601-43
XZWZ6299704: 97.795.039/3108-43<->54.538.928/2153-91
OULZ3932488: 89.873.137/8774-37<->95.991.417/3903-15
LOTU4416312: 33.196.259/6229-97<->41.910.924/4745-99
YJMU0027189: 54.687.825/8903-37<->30.706.264/5548-32
LIPZ1077913: 32.265.091/1480-92<->95.741.319/8555-98
WDEU2412293: 91.251.739/4213-57<->75.724.001/6847-96
VXLU5784741: 55.842.955/5072-76<->63.234.218/9779-21
FLVJ5543945: 61.354.815/8159-48<->81.465.452/8169-61
AGJZ1026981: 38.863.608/5762-58<->02.714.435/3400-71
GKAU0239243: 67.638.586/5092-09<->88.604.568/2054-23
EOQZ6574029: 21.244.577/2515-19<->84.542.295/1922-26
QFGJ9666482: 40.815.089/6576-59<->08.959.816/8803-53
SIPJ9176952: 90.193.262/5823-77<->83.065.615/3151-12
BLDJ3244315: 96.398.114/1174-44<->18.517.388/7558-11
ESCZ1748708: 54.748.000/3452-85<->38.969.410/6275-53
TDGZ5715009: 48.143.955/8637-53<->63.300.321/0927-22
STYU6145011: 32.171.816/7554-17<->85.385.134/1668-91
DZGZ9977166: 71.812.750/5138-29<->34.192.514/1318-72
LMFZ4327757: 76.705.299/0698-38<->92.969.705/2111-61
ADHJ0603985: 54.746.554/9660-36<->49.082.907/3657-36
AVWU5780846: 04.978.835/5707-61<->80.108.276/6584-89
XMTJ1922240: 29.645.974/9442-38<->48.580.007/2421-75
OPVJ0248544: 88.325.995/3814-62<->90.206.533/6985-89
CQJU9129649: 61.371.099/7147-25<->32.395.294/3657-32
YMOJ6180528: 13.445.008/0220-97<->67.318.589/3357-97
EHHU3338165: 34.646.617/8904-31<->21.527.669/4196-49
ZBKU8784658: 69.893.843/8267-39<->83.084.860/6236-03
UCKZ3587653: 90.982.631/1994-43<->65.452.023/7207-78
MRTZ5666451: 11.846.323/5952-39<->00.465.667/3810-87
YXJZ9275135: 25.356.188/3358-29<->95.158.992/3352-43
FTFJ0945773: 13.116.486/3594-84<->66.339.569/7229-03
GLXU2819903: 20.407.889/9993-94<->40.418.598/7671-86
SGZU2663502: 99.716.418/4438-84<->14.046.144/7320-31
QVIJ7162511: 37.883.321/9185-42<->37.513.758/4199-65
FGUU6588799: 59.229.117/8604-99<->50.181.315/9233-60
TTYJ2421859: 70.851.271/7050-12<->12.612.473/6689-10
NKCJ3101894: 59.829.243/8433-17<->72.134.740/8772-03
RIQU6046976: 83.302.413/4340-06<->61.510.632/7299-00
ZJDJ4439823: 17.359.480/9737-15<->14.878.642/6110-28
AWDJ5142713: 92.536.214/0031-39<->43.864.577/9595-66
CDOZ5276974: 61.583.403/1783-81<->26.969.457/8588-83
HDUU5990219: 25.883.632/0912-19<->10.447.725/2808-20
FTRU2088809: 75.338.819/0167-50<->84.772.936/2838-30
TGIJ0069192: 13.769.843/2680-34<->95.612.570/9539-21
ZNRJ7270577: 09.520.998/5437-43<->23.538.618/9740-03
PUCJ3643128: 67.289.756/8639-91<->58.300.256/0417-61
UGCJ8868256: 83.145.465/2496-67<->88.593.980/1281-88
OFJJ4612117: 09.950.489/7586-41<->24.476.733/2446-39
XRIZ2325218: 92.538.427/5635-93<->68.527.424/2471-98
HGYJ9918047: 92.552.307/5311-73<->26.787.193/1747-33
GNKU1656416: 88.422.063/2679-25<->62.628.823/0441-42
ONRU1339202: 49.154.362/0150-26<->16.235.511/5902-85
OCEU4254841: 50.360.082/2191-59<->02.729.746/1142-24
CDCU8909033: 85.410.386/3964-74<->72.047.892/7405-45
WZAZ9309913: 80.301.824/8146-62<->14.999.590/0768-83
OEGJ5821455: 51.418.442/7466-61<->79.132.291/5538-61
RURZ6557332: 27.477.092/8895-61<->61.478.383/4693-21
DOCU7470564: 89.614.836/3593-76<->02.927.175/7371-67
WMMJ8615030: 27.303.708/2799-79<->79.778.727/7330-47
LOXZ1886878: 83.021.531/0032-76<->63.972.271/0604-75
NQFU0723437: 16.558.000/1348-99<->91.418.099/9343-82
IZJU6732551: 09.953.202/7686-80<->16.137.131/9671-81
NNBJ6130434: 24.958.232/5373-30<->98.461.622/4870-43
KOHJ3468259: 28.880.574/9940-16<->86.305.827/3094-37
OVQJ7025984: 30.930.310/8702-72<->46.542.079/5738-90
VGIJ7758778: 74.898.263/1839-44<->84.203.610/6852-82
GZUU6924185: 52.584.603/2317-20<->66.225.633/7867-86
AGRZ4647501: 77.127.745/7209-74<->03.660.798/9129-72
AECJ8665517: 36.878.277/3303-00<->48.531.132/3076-70
OIXZ0025306: 43.819.428/2722-67<->37.487.801/2547-48
MGGJ7122960: 51.494.350/0353-65<->70.244.052/1842-03
QJSJ5654328: 84.283.194/5746-64<->84.287.684/0187-46
MHYZ6121575: 58.260.863/4373-33<->46.656.163/6001-01
VLMJ8179439: 80.466.542/7238-58<->71.195.346/3756-98
ARAZ6699798: 12.924.022/7610-03<->35.994.525/2906-83
PPPJ7210624: 46.462.393/6740-01<->60.823.132/0931-87
TAMU0860378: 69.468.367/7212-87<->69.746.946/3574-68
NXUU3072685: 47.953.739/0056-09<->92.434.894/4490-69
URNJ2451630: 16.320.759/6060-38<->18.929.821/1688-22
BUJZ8996309: 46.143.163/7018-98<->85.036.357/4828-56
WQRJ4416253: 65.794.500/9647-02<->13.913.320/2795-72
KTDZ6203786: 88.332.278/9499-00<->27.052.888/0511-09
NIKZ0192722: 38.149.035/2694-35<->26.427.730/5026-67
GXSJ2747738: 02.468.561/3165-30<->65.417.534/7922-37
GQSU8885655: 63.836.211/6321-06<->99.883.253/8789-56
AWLJ1055689: 08.725.995/8864-02<->89.102.989/9958-58
DHGJ4861533: 13.038.216/4180-72<->61.427.548/0732-23
JFQZ9646348: 79.339.038/1551-53<->35.599.865/8123-39
TIHJ6577349: 08.311.125/6534-01<->30.454.180/8820-26
VRUJ6899825: 96.441.878/9229-28<->35.472.193/5375-20
UJUJ7838070: 45.144.088/7543-29<->23.383.916/1518-74
LYKJ8370992: 45.011.130/6446-08<->73.260.008/6762-61
BSRZ5728095: 14.326.495/0056-75<->96.625.379/2880-78
IFWZ7939582: 69.328.610/8647-54<->84.044.698/7659-69
ABXZ1037666: 39.451.222/2552-17<->97.375.865/5928-04
JSBJ7562165: 18.219.364/4909-72<->67.572.535/9308-44
RFDZ1289044: 64.238.070/1720-13<->30.878.145/2402-92
UHZJ3292635: 64.877.925/6816-39<->53.613.284/7176-16
SNGU7445564: 11.349.411/7203-07<->69.299.102/5866-02
UIGZ0196552: 18.800.356/5545-88<->83.382.756/8908-61
WJPU6519206: 18.068.298/9271-92<->21.542.968/7714-36
JOXJ9577021: 81.248.979/1525-92<->72.608.267/6521-21
JJRU3267608: 28.061.730/7915-03<->09.542.260/7987-44
BUJJ7478296: 98.284.258/3801-13<->76.576.782/2967-79
UUHZ9581720: 25.635.043/8770-86<->46.351.764/5476-74
AENU8244190: 28.616.146/5068-49<->70.714.451/5735-11
YWDU5734392: 92.945.895/1520-84<->30.575.325/6847-74
DPBJ8887820: 61.733.075/7835-01<->77.631.567/5594-95
XVCZ5849248: 17.154.283/8792-98<->50.617.448/3821-88
JGSJ7529255: 75.789.519/4009-82<->10.557.683/0961-77
LXJU9731194: 72.097.796/9214-79<->20.254.112/7697-54
MDMU9839664: 56.667.092/7858-07<->19.806.632/0640-06
OVPZ8106715: 09.075.834/4997-04<->40.050.148/2759-07
QDJU4898106: 44.231.837/6466-44<->95.496.797/3567-84
NEVZ2416894: 45.319.880/6789-69<->43.733.971/4547-19
FIMJ0650080: 34.254.288/2354-01<->24.567.208/0160-00
BLJZ5031332: 15.573.114/9819-97<->90.864.793/0894-82
PUJJ4071380: 63.154.844/6382-24<->43.398.238/1279-68
KUVZ4918084: 14.976.025/2163-16<->98.057.334/9078-65
SLYU0561606: 74.541.115/1565-28<->14.549.935/6113-06
YKNJ0149723: 25.020.194/9286-11<->06.184.070/1617-33
KPNZ8232357: 69.035.253/8185-70<->11.147.118/2308-09
BUSJ1428982: 51.226.243/8286-07<->10.596.025/4524-73
HKOU8507749: 97.103.624/5031-15<->28.604.118/8814-02
PPPU4185760: 66.720.089/2737-83<->54.760.078/7557-73
JOVU7016583: 60.165.933/1777-93<->85.514.257/7157-51
KQKU4292349: 15.264.043/2444-43<->03.118.911/8723-38
ZSSJ7816587: 77.376.349/4817-82<->42.575.834/4463-64
QZPU1118311: 35.395.067/0248-95<->57.274.463/9632-13
SJAU0199266: 62.515.190/5302-46<->19.662.410/8084-67
UFFZ5641922: 04.344.915/3437-07<->56.309.344/0064-79
YNBJ4061757: 40.462.930/8327-29<->07.859.931/2589-34
ZTQJ9346088: 00.973.338/8997-91<->61.379.827/1862-97
BQUZ3511375: 83.184.772/0839-60<->72.019.953/5275-85
ODLJ4365586: 59.797.043/0739-20<->10.891.215/7028-25
YXIJ4291219: 16.482.609/2967-50<->08.523.857/5559-14
BKGZ7023145: 52.703.206/1567-69<->85.042.216/6842-16
ZHBU9508801: 80.330.041/2312-98<->32.045.415/7450-41
CNYZ7330427: 71.490.945/3142-02<->43.937.868/1965-94
GIIU7565861: 08.760.426/8835-88<->04.833.000/9616-71
ALLZ6546004: 57.679.102/1770-06<->32.899.408/3463-63
LAYJ8772134: 15.984.064/2805-91<->77.186.095/7506-24
MLEJ3386122: 83.669.344/6433-56<->14.228.937/2915-74
WZBJ6001961: 77.741.969/2375-05<->98.853.141/3311-97
CPSZ3171315: 88.424.105/9942-35<->81.722.306/2361-70
VDMJ2565143: 16.316.365/7727-99<->01.160.051/6100-54
GFGZ1855995: 72.106.780/3037-17<->81.538.202/9106-20
LTVJ6263419: 65.433.475/0782-50<->73.216.989/5230-43
WCYU2641775: 78.785.604/2352-28<->23.280.351/4921-14
OQOU5234784: 41.452.917/7856-61<->25.841.297/6230-83
OSDU5592025: 06.140.710/4061-08<->37.060.682/6179-41
NIHJ6186428: 83.657.878/0555-43<->08.574.368/3540-16
LTBJ0294879: 64.420.764/7378-32<->42.453.231/9514-09
QLEZ9281276: 71.535.345/6093-23<->48.585.441/5693-37
HXWU7657525: 25.327.530/1390-20<->85.200.436/5838-88
LWOU2407726: 47.097.881/3122-41<->20.012.455/0268-01
HLHZ1797396: 43.397.620/2711-86<->03.036.074/2506-67
YSPU1772569: 43.704.173/8262-88<->96.986.158/6146-64
GPMU3073882: 72.771.357/6278-93<->62.253.324/7474-78
EGCJ0682499: 97.034.610/3362-93<->82.999.826/8329-25
EPQZ3784526: 07.517.349/7635-14<->99.275.219/2515-66
IRHZ5924173: 81.122.420/0089-87<->38.524.159/1033-33
XKJZ6311478: 56.239.949/7974-42<->07.968.947/5982-24
VEKJ2004317: 82.772.012/4685-90<->11.707.560/9993-39
GXTZ7242127: 53.438.980/0705-66<->69.751.024/1996-04
BCUJ9301823: 32.465.625/3807-96<->16.615.196/7641-82
MXIU5305178: 45.888.490/1962-38<->64.824.176/6038-75
CHLU3114030: 54.949.344/5576-93<->70.438.062/6919-11
IPSU3318521: 28.511.017/5280-88<->44.900.279/7857-92
HHGZ3134829: 48.374.108/0684-40<->99.799.677/8509-20
LFEZ7162177: 90.718.646/8868-58<->07.289.028/2820-13
UKMZ5548302: 37.358.842/6383-36<->87.353.716/4448-46
WBEU5661164: 71.362.406/9944-11<->55.842.550/1577-43
IJRU7183134: 84.608.159/8706-31<->25.611.676/5551-41
NZYJ1386829: 85.493.307/9632-45<->42.794.158/6015-39
MUIZ1511212: 73.658.511/5193-19<->11.681.495/8615-30
IGOZ8354779: 94.997.937/1664-22<->26.255.302/4162-19
FRDZ0113348: 02.702.956/9518-75<->09.931.430/5261-53
QWDZ1101061: 22.382.337/9479-41<->19.888.325/2503-05
RAEU4961087: 40.550.553/9076-64<->77.355.797/3109-30
JZJU9436082: 44.725.131/1775-03<->54.676.834/6849-40
RCEZ8514003: 23.706.622/1330-78<->72.441.784/8443-24
XJDU6642247: 47.575.185/5198-03<->30.439.280/5550-65
NBVJ7953769: 93.971.694/6692-10<->83.664.630/4021-98
XFYZ4205367: 39.875.604/7389-67<->73.773.226/9736-42
KTYU9860065: 24.869.796/9747-79<->78.362.514/9679-31
EUHU1482132: 13.722.642/6801-62<->87.944.560/6587-19
UPCU7327219: 55.964.085/9746-86<->82.577.654/3003-63
WCBZ9239993: 74.475.361/3710-79<->05.367.855/7711-07
PYWJ7731822: 43.118.469/4005-68<->84.866.190/9206-33
TETJ0690651: 26.644.028/7765-72<->67.611.515/2701-44
YPBU7092405: 51.425.141/5472-83<->46.797.060/5596-88
KVBJ2481380: 60.340.311/9072-01<->50.467.680/5829-31
QAKU1169290: 84.435.564/5781-97<->14.024.163/1075-60
DCVU7639415: 30.418.417/5813-10<->66.553.908/5277-21
MLVZ3072996: 84.289.016/8091-04<->94.557.357/4053-14
ORYJ2302254: 32.800.476/0606-73<->94.948.668/5609-89
UAMZ7923576: 76.620.499/8200-51<->90.207.333/5654-76
EFDJ6484391: 70.944.135/7556-88<->63.276.570/1687-67
SUHU4347947: 15.303.087/5973-31<->79.734.141/8826-87
TNOU9330558: 46.526.261/3068-55<->62.929.330/6540-03
ALEJ9927167: 52.455.887/1619-45<->75.524.700/4206-70
RPDJ7746038: 97.862.097/0325-70<->98.817.503/0250-50
DBQZ6090865: 80.231.289/2255-79<->89.832.089/4239-11
JTMJ9984259: 54.093.025/1674-91<->86.396.096/5610-04
JBFU3311981: 07.080.398/7401-44<->41.803.524/4748-37
HISJ6766791: 19.810.415/9091-13<->65.872.382/2044-19
WBKU3484312: 65.783.285/3325-84<->88.153.796/4263-01
XUPU9352217: 66.866.059/8076-03<->83.180.390/4713-50
DAZJ2304466: 68.920.786/8167-49<->72.568.345/4169-70
URYZ9779697: 12.133.898/5193-83<->20.329.770/7180-58
WLCJ7202511: 38.816.788/3229-75<->85.086.369/0873-16
AVRZ9712138: 06.074.412/3776-27<->79.635.359/8422-84
XMFJ5925987: 25.017.051/6928-53<->60.375.369/7721-98
MGOJ2252258: 03.635.140/2438-95<->42.198.192/4979-73
GNAU8252452: 66.323.975/7970-66<->21.485.795/6998-55
BHKU6860318: 82.642.936/4367-22<->25.499.234/6301-95
TZZJ9009182: 38.412.112/6783-09<->94.269.148/8986-67
WIWJ3279958: 30.738.947/3448-39<->12.777.214/7777-57
LPSJ8776231: 13.973.466/5450-43<->20.585.424/7967-31
HSGU1832340: 44.634.755/0947-87<->33.698.542/9913-42
UISZ4945500: 92.878.183/0853-63<->90.576.929/3746-74
CMTJ7081661: 92.232.981/4629-51<->33.714.335/1137-64
NVTZ9832124: 08.494.581/6308-95<->35.375.071/5171-02
TEQU3906770: 87.079.244/0584-84<->83.629.439/1596-99
VEBJ7274376: 62.785.970/6863-90<->44.217.429/3806-70
YSGU2417077: 97.615.272/5295-60<->01.554.430/3241-41
MTSZ7214979: 76.706.969/7790-68<->58.901.999/6819-74
LHCJ4940348: 62.771.824/0731-28<->47.119.626/7996-93
VJFJ4224432: 90.849.766/0153-87<->33.845.791/1908-40
BRZJ0421313: 89.814.043/3433-34<->19.932.229/6726-39
ZPLU0521314: 60.916.395/5097-11<->63.557.652/0080-87
DKNZ8875786: 73.946.928/6407-92<->07.164.488/6272-50
KYZZ8043552: 18.019.391/4572-70<->32.136.859/3848-03
JXBU6461433: 67.498.067/0372-87<->55.058.589/0252-36
ZGSU5413203: 64.980.854/2430-02<->77.135.599/7275-34
QIOJ4451528: 89.639.374/4038-67<->48.020.152/7767-19
ULVU2579016: 11.046.114/0765-63<->09.979.124/7342-33
BOOZ8409255: 99.781.394/5155-61<->65.175.998/6717-92
JUXZ9548349: 35.818.835/6385-62<->04.796.667/0973-58
PMGJ4304968: 02.911.313/8132-72<->42.635.554/3844-23
EILU8354191: 31.089.085/4586-26<->51.649.521/1824-92
ZTKJ5230646: 53.055.100/1123-78<->90.621.386/7680-41
ZBXJ5452941: 84.304.585/4043-79<->25.251.945/6519-56
LQTZ0702599: 83.789.377/9033-04<->94.348.024/1937-63
QLUU1867760: 67.517.526/9874-35<->45.548.128/0133-70
QRMJ1492819: 69.243.732/7151-24<->41.038.792/2353-76
ZXSU3355044: 38.054.954/0267-28<->51.788.238/2023-82
OYCU6390007: 44.700.563/7909-87<->23.674.864/8605-44
AWIJ2018041: 13.238.537/3849-52<->70.065.273/4194-94
DGYU3836148: 39.346.925/5664-55<->01.768.472/2627-48
MGIU8355186: 62.395.974/4629-54<->82.416.752/5208-34
MQSU1130753: 13.434.875/7328-80<->98.326.429/3835-82
VJTU2782820: 69.546.250/0744-55<->59.204.354/4033-82
ZZTZ8142703: 34.740.555/7710-31<->45.132.865/5460-25
XZZU9406153: 81.201.413/1541-87<->55.146.965/8639-61
MHVU1521089: 49.148.826/1907-76<->64.860.681/6473-72
WHXJ3208141: 47.007.284/2858-96<->40.727.829/6111-12
YLWZ4550569: 95.250.328/7908-36<->41.680.592/1566-52
MIDU6675816: 31.198.085/5965-50<->51.192.934/3554-33
IEAJ2247786: 32.348.404/2977-23<->97.236.710/7716-81
JYXJ1190710: 18.236.292/4289-05<->20.435.613/5472-47
PQKJ4525518: 08.959.732/1485-84<->96.868.853/7270-13
RMYZ0669501: 34.257.677/7978-17<->29.526.415/2951-24
BVFJ2067028: 82.227.300/3655-24<->41.354.594/3759-39
XHJJ4549125: 12.272.183/0478-40<->22.030.696/3816-76
LCHZ0979614: 13.394.692/1452-13<->51.954.653/0810-20
TJHJ9409835: 84.391.150/0626-52<->35.790.205/9302-24
FIHJ0412445: 14.007.218/6513-33<->11.522.459/2162-34
KXIJ4944767: 97.472.375/3322-09<->97.022.956/7187-57
NIWJ3677481: 39.034.379/3537-20<->79.948.612/1032-45
ZDFU3667781: 10.801.525/2141-95<->88.874.787/4814-62
OTSZ6615719: 07.482.729/6113-86<->42.590.664/0966-79
ZGKU4503188: 88.709.896/6238-60<->92.208.861/4371-87
FHFZ2569003: 01.749.486/2864-73<->70.177.146/8068-63
ZUOZ2686132: 83.632.128/8607-46<->29.695.314/0480-61
YATZ5576506: 17.194.678/0711-74<->46.918.484/3226-10
NZZU9114056: 17.462.049/5116-49<->13.235.384/7772-74
EGSJ5310779: 77.534.804/9802-01<->06.792.853/8012-27
GUTZ7810076: 50.497.457/0768-17<->63.440.876/0097-86
VOHZ7258159: 73.359.984/4569-53<->92.481.461/3129-44
BUJZ1157016: 22.738.328/5271-35<->77.952.961/4991-34
VSKZ0681405: 21.225.777/2412-45<->06.179.118/4735-48
COLJ6614239: 19482kg (191%)
DEMU8314984: 19316kg (191%)
MXWU3248273: 18862kg (177%)
FUGJ9138056: 18841kg (177%)
FNMZ0469494: 17732kg (176%)
GENZ2783061: 18876kg (173%)
JWEU5178093: 17290kg (172%)
PCQZ0127654: 18604kg (169%)
FFHJ8698622: 16861kg (168%)
AINJ6747043: 17172kg (168%)
EAIJ1152206: 18701kg (168%)
CRNZ3346513: 17470kg (167%)
SVQZ9836028: 18461kg (163%)
ZKLZ0222169: 16681kg (159%)
RWNU0518479: 16491kg (159%)
VNGU3715887: 17783kg (158%)
YEJZ7603299: 17059kg (156%)
AYGZ9296818: 16371kg (155%)
SRWZ3101969: 16707kg (154%)
ABFJ5191817: 17941kg (152%)
DTGZ5096967: 17319kg (151%)
LGVU4044598: 16848kg (150%)
ACOZ3231060: 16503kg (149%)
BWBJ3403230: 15383kg (149%)
SDIZ6251298: 15225kg (149%)
KJHU1357918: 17473kg (148%)
SHAZ0888713: 16094kg (148%)
STAZ5347955: 17246kg (148%)
TBAJ3272159: 17423kg (146%)
SYFJ1970615: 16470kg (145%)
VQLJ5914933: 16724kg (144%)
DIVU8320900: 15713kg (144%)
ISSU5337432: 15088kg (143%)
MGGJ0128450: 14592kg (142%)
ADXJ7271707: 16903kg (140%)
BICZ3064141: 15246kg (138%)
PWAZ9877674: 14881kg (138%)
FKYU1674949: 15741kg (137%)
EGIJ3717654: 14816kg (137%)
FQLU9183287: 15972kg (137%)
GWMJ6394664: 13839kg (136%)
DVIU8777901: 15172kg (135%)
WAIU8806776: 13972kg (132%)
RARU6425711: 16229kg (131%)
YDJU2967692: 13807kg (131%)
PGXZ6936695: 13763kg (129%)
OKBU7852661: 16541kg (127%)
DIHZ3880084: 14380kg (126%)
LKBJ0028485: 15460kg (125%)
AHPZ8647923: 15432kg (124%)
NQUJ9034824: 12698kg (123%)
HLLJ1889896: 15544kg (122%)
SSLZ7410548: 13895kg (122%)
SYUU3230871: 12304kg (122%)
PMHZ2699250: 12188kg (121%)
BUCJ4460085: 12536kg (120%)
UHNZ2265136: 15509kg (120%)
FQJJ1929184: 13602kg (120%)
XYQU8798619: 13539kg (120%)
GWHJ6779881: 16322kg (120%)
IDKJ9730488: 13343kg (118%)
NGFU8336845: 16157kg (118%)
JEIU9055622: 16062kg (118%)
NUIU0919477: 11931kg (117%)
RZKJ2254337: 14776kg (117%)
YUTZ4115536: 12586kg (117%)
PXQZ5226402: 16014kg (117%)
UBZJ4462201: 14953kg (116%)
DHZU6696083: 12179kg (116%)
YWLZ1770121: 15777kg (116%)
VGEZ3447516: 11655kg (116%)
CDBU4850943: 12441kg (115%)
YPMZ6092582: 15323kg (115%)
GLHU3292899: 11656kg (115%)
NLXU9169584: 13432kg (114%)
TRHZ0351829: 11713kg (114%)
XDAZ1289310: 12913kg (114%)
GZFJ4706560: 11661kg (113%)
ARBU1485507: 12885kg (113%)
QPBJ4939382: 13600kg (113%)
NFBZ7564686: 11445kg (111%)
IWEJ0182423: 13319kg (111%)
TBKJ9376239: 15421kg (110%)
WUDJ9988808: 12537kg (110%)
ESSZ5599691: 13021kg (110%)
IJFU0973008: 12712kg (110%)
VAIZ3064019: 15282kg (109%)
OTSZ0017084: 12860kg (109%)
XRSU3184417: 15490kg (108%)
NJAZ6190005: 12435kg (108%)
YHCJ5860844: 14191kg (108%)
DNYZ3794782: 12428kg (108%)
QOQZ4379636: 14173kg (108%)
XLUJ0791763: 13974kg (107%)
QWQJ2978489: 12451kg (107%)
KTLZ3961454: 13937kg (106%)
WSTZ9424106: 14516kg (106%)
TKXJ3002103: 15118kg (106%)
YIUJ5315289: 14199kg (106%)
PZJU7111087: 12832kg (105%)
XKUZ6178847: 13960kg (105%)
TQZU9157887: 11296kg (105%)
JPUZ7634802: 13366kg (104%)
GKIJ0785685: 12100kg (104%)
GWOZ5614090: 10570kg (104%)
JWXZ2796285: 13702kg (104%)
XNCJ0254794: 13969kg (103%)
ZNWJ6750406: 14763kg (103%)
SMFZ0952060: 12466kg (103%)
ZEGZ5206192: 13922kg (103%)
CJUU4767876: 12100kg (103%)
JLJJ8093417: 11695kg (102%)
QRYZ8714590: 11090kg (101%)
IXFJ9282857: 11224kg (101%)
UOPZ1457431: 12680kg (100%)
UJCU9305010: 12915kg (100%)
QLDU3828848: 12622kg (99%)
AKHU5442302: 11698kg (99%)
THPJ0330767: 12341kg (98%)
CXYU6915899: 12934kg (98%)
NJWZ3910999: 14379kg (97%)
IPYZ7570547: 10045kg (97%)
VDLZ3929326: 12606kg (97%)
DJFU9688135: 13738kg (96%)
TRWZ6096666: 9995kg (96%)
HCQU3165756: 12704kg (96%)
WMEJ2366910: 10445kg (95%)
TFXZ7254840: 11484kg (95%)
NXDU4571490: 10994kg (95%)
BHMZ5972637: 14342kg (95%)
XUKU3313305: 12092kg (94%)
BOVU9045605: 14030kg (94%)
MRPZ2156338: 13992kg (94%)
QAQJ9025431: 12641kg (93%)
XSDJ2449458: 11999kg (93%)
YZAZ7463768: 13256kg (93%)
DUVZ5396395: 10736kg (93%)
TZBU8955341: 12444kg (93%)
AOFU0178505: 13233kg (93%)
FYDZ2217288: 14005kg (92%)
HPWZ4933517: 12062kg (91%)
CSTU4351104: 10248kg (91%)
NLLZ2165551: 9178kg (90%)
ITOJ8588943: 9417kg (90%)
PJQU8148721: 12591kg (90%)
VCJJ9946605: 14139kg (90%)
HCHU4223721: 9600kg (90%)
ZSBZ1496215: 10722kg (90%)
XNRU5374461: 11154kg (90%)
SPLZ1856755: 12813kg (90%)
ZNTU1324056: 10553kg (89%)
BVMZ1061864: 12608kg (89%)
GEZU1517633: 13530kg (89%)
BXMJ9041363: 9727kg (89%)
XKJJ1014676: 13093kg (89%)
GOSJ7194186: 13041kg (89%)
FHNU6488070: 10070kg (88%)
POGU3827568: 13936kg (88%)
QSYZ1013115: 10065kg (88%)
WRGU7991867: 11733kg (88%)
KLRZ8430196: 13409kg (87%)
WAAU5180989: 10840kg (87%)
PNZJ6870915: 13788kg (87%)
QBYU5481531: 10970kg (86%)
WNPJ4273959: 11921kg (86%)
JLEZ4770496: 11429kg (86%)
LVPU9839851: 10388kg (86%)
DCLU5749286: 8920kg (86%)
CJFZ2310725: 10678kg (85%)
NFMU7204548: 13523kg (85%)
RGIU9063313: 10226kg (83%)
UUJZ1557647: 10002kg (82%)
DQLU2028286: 9231kg (82%)
OJHZ9873366: 8938kg (82%)
BFIJ2629158: 8194kg (82%)
RGZZ8340607: 12757kg (81%)
NTSJ1056021: 10672kg (81%)
VYRJ1488974: 12229kg (81%)
XSMU1200767: 9908kg (81%)
HYGZ5447855: 8829kg (81%)
PRTZ0271535: 12939kg (81%)
ZFGU8394634: 10071kg (81%)
NWTJ0159430: 11147kg (81%)
ASDZ4035301: 12336kg (81%)
XJAJ2957436: 12918kg (79%)
DMNU0909174: 11823kg (79%)
PVQU6710218: 9076kg (79%)
BONJ8449471: 11070kg (79%)
VTBZ6511357: 8551kg (78%)
JIAU8461036: 9427kg (78%)
LYPU7406497: 11376kg (78%)
WHEU0498962: 11609kg (77%)
ONFU1959269: 11862kg (77%)
PRWZ4480301: 12873kg (77%)
LOKZ9590722: 12470kg (77%)
ZZOZ4947463: 12907kg (77%)
HXDZ1611173: 12189kg (77%)
PQQJ7589097: 9289kg (77%)
AUDU4399159: 12426kg (76%)
FRLU2501922: 10823kg (76%)
ZWXJ6719262: 10458kg (76%)
YGWU7932723: 9618kg (76%)
FJVZ8607443: 11885kg (76%)
UPNJ8789660: 11236kg (76%)
GYUJ4097181: 9869kg (76%)
LCLU4141995: 12650kg (75%)
WJVJ9565896: 7925kg (75%)
KDEJ6923421: 11530kg (75%)
FEFZ8223922: 9749kg (75%)
ELAZ2617308: 11107kg (75%)
HRPU7474947: 8582kg (75%)
GDXU3210698: 10915kg (75%)
ZUEZ2042440: 10666kg (74%)
GUIJ8252810: 9626kg (74%)
QRVU3496692: 10222kg (73%)
YDPJ8774218: 9723kg (73%)
QNCZ0232071: 8642kg (73%)
SNQU7561245: 11769kg (73%)
WUMZ3561656: 11556kg (73%)
FCUZ4026863: 8435kg (73%)
UGTU0314712: 8377kg (73%)
NCXZ5993690: 7580kg (73%)
FPYJ5672186: 12224kg (72%)
BIBZ0261576: 11676kg (71%)
KAWJ1752915: 11555kg (71%)
JDEZ8958182: 11054kg (71%)
DCXZ9004259: 11020kg (71%)
GQUJ4159248: 9531kg (71%)
IDMJ0175780: 12411kg (71%)
LPIZ6360679: 9187kg (71%)
IPNJ2295305: 8510kg (70%)
UXYZ6976710: 9623kg (70%)
SZJZ7188620: 10939kg (69%)
BDHJ3284754: 11575kg (68%)
QYIU7794510: 9939kg (68%)
VZGU4544537: 7456kg (68%)
BHWU5399480: 10431kg (68%)
SCLJ4495124: 10530kg (67%)
OZSJ1816062: 7057kg (67%)
QRMJ3009740: 8364kg (67%)
DQJJ1304241: 8037kg (66%)
XKOZ7649415: 7676kg (66%)
DILZ1254103: 11319kg (65%)
GVAJ6746757: 11226kg (65%)
KKBJ2927965: 18756kg (65%)
IJDZ9520528: 8589kg (65%)
NGDU0609894: 8018kg (65%)
TSQU1980601: 7798kg (65%)
DCIU6198377: 9410kg (65%)
CJTZ6974818: 10314kg (64%)
MTMJ4681013: 11027kg (64%)
KHOU1760430: 7403kg (64%)
GKUJ8613487: 7323kg (64%)
XMEU4787455: 19158kg (64%)
JDFZ7452215: 9004kg (64%)
SCDU4623722: 9654kg (64%)
RMXZ5318257: 10005kg (63%)
WTSU0040739: 6525kg (63%)
WFJZ9854236: 6873kg (63%)
VHGJ5786978: 10429kg (63%)
NUGJ5960086: 6807kg (63%)
VKWJ5053156: 18786kg (63%)
LCGJ9275713: 11056kg (63%)
GYGJ6836406: 8878kg (63%)
JXIZ8013066: 10020kg (63%)
EVKU1500297: 7692kg (62%)
JSTZ5624162: 9396kg (62%)
COMJ5371196: 16987kg (62%)
HOPJ4731530: 7939kg (62%)
BIMU9277953: 10256kg (62%)
IJFU5166448: 8566kg (62%)
PLQJ1687028: 17048kg (62%)
YWVU2217298: 9424kg (62%)
PQLU0481181: 7938kg (62%)
CXAJ9130849: 7316kg (61%)
AXYJ5784569: 16331kg (61%)
EGVJ6662267: 16605kg (61%)
BRXZ3700945: 17558kg (61%)
SODZ0515568: 7327kg (61%)
EKSJ6532594: 17440kg (61%)
DPKZ4170013: 7698kg (61%)
NTYZ0520875: 9973kg (61%)
QQTJ8851519: 10440kg (61%)
VQCJ7766261: 9285kg (61%)
YJZZ5164708: 8063kg (61%)
VCOZ3432730: 17607kg (61%)
FQQZ8632160: 18260kg (61%)
HULZ2426444: 9841kg (60%)
EBPZ9994021: 17290kg (60%)
OYTJ5573461: 9595kg (60%)
FWKU2389480: 6794kg (60%)
KWHJ2338018: 9730kg (60%)
PRKJ2509904: 15715kg (60%)
QKMZ9623879: 16598kg (60%)
FNIJ0429300: 8408kg (60%)
VWKZ9491243: 15570kg (59%)
LVVJ0193661: 9525kg (59%)
LKAZ3816089: 17065kg (59%)
GETU1368577: 10966kg (59%)
QIJZ1100970: 7878kg (59%)
OUXZ9890233: 8327kg (59%)
NQMJ6685111: 8157kg (59%)
WEVZ1117760: 17256kg (59%)
UDDZ1974487: 16864kg (58%)
MGZJ1598651: 7397kg (58%)
NAWJ8685963: 9563kg (58%)
LNUU3976659: 9201kg (58%)
NXFU3480212: 14943kg (58%)
CJFJ1285972: 16166kg (58%)
ZPTZ7565878: 15967kg (58%)
TCBU6946456: 8847kg (58%)
CMSU2478085: 8733kg (58%)
JYTJ4503445: 9329kg (58%)
WDYU9174755: 14525kg (58%)
AVJZ2158515: 14898kg (58%)
RJGJ5160735: 14192kg (58%)
LRSZ5033900: 10947kg (58%)
THRU9136606: 14862kg (57%)
ZNVU9476926: 16951kg (57%)
GGNZ9426800: 16885kg (57%)
HXGU0305610: 10500kg (57%)
SOFU9452079: 14226kg (57%)
UWRZ0198291: 15994kg (57%)
PDAZ1061068: 16853kg (57%)
WDBZ0844923: 10139kg (57%)
TVOJ5338172: 8021kg (57%)
UUKU5574294: 16765kg (57%)
JRXZ8034890: 15259kg (57%)
ABWU7683675: 14174kg (57%)
TPAJ3051164: 7714kg (56%)
AAOJ7631965: 12656kg (56%)
RYFZ7050691: 16502kg (56%)
WUCU1764229: 16520kg (56%)
GXWU7527987: 10614kg (56%)
NWAJ2287586: 7548kg (56%)
ZPQU0558313: 5927kg (56%)
EPIU7005823: 16586kg (56%)
DARJ6188515: 15258kg (56%)
NJOZ3384113: 16524kg (56%)
XGWJ1194970: 15139kg (56%)
UGAU4345612: 14337kg (56%)
OTJZ2207711: 15584kg (56%)
FAUU2024042: 9138kg (56%)
XWLZ8814203: 5901kg (55%)
YESU7067252: 9154kg (55%)
NJCJ2296771: 9261kg (55%)
NZHZ2853917: 13666kg (55%)
SZQU9269491: 13180kg (55%)
KCFU4314800: 16059kg (55%)
VQQU0895391: 15246kg (55%)
JSTU8203305: 15231kg (55%)
VPQU8075290: 10211kg (55%)
FFVZ9189550: 12560kg (55%)
IXHZ4512159: 16338kg (55%)
BBXZ1480952: 7472kg (54%)
RTGU7668726: 5745kg (54%)
QUHU7712966: 14959kg (54%)
TPAZ2020647: 12599kg (54%)
NBBJ4596540: 12988kg (54%)
UQXJ5463722: 11687kg (54%)
IMCU5373237: 8196kg (54%)
KIIU6006996: 7361kg (54%)
WJBU3802711: 13245kg (54%)
QAXZ0981833: 15800kg (54%)
PFLZ3744372: 13054kg (54%)
KQEJ7583686: 10463kg (54%)
HLLJ8126072: 13541kg (54%)
MBQU3601463: 15633kg (54%)
RJSJ9222458: 5454kg (54%)
AQAU9922669: 13921kg (54%)
YUEZ0616138: 13560kg (54%)
OLGU7526440: 9040kg (54%)
NCDZ5157311: 8336kg (54%)
ALHZ2006064: 5502kg (54%)
JFYZ6160124: 14577kg (54%)
MTFJ8152766: 6781kg (53%)
TYCJ5229311: 14726kg (53%)
OHMU5285658: 13998kg (53%)
JBOU9878345: 13363kg (53%)
IQWJ8959070: 9773kg (53%)
CBBU1579264: 14735kg (53%)
MBXU4120224: 15631kg (53%)
XYCZ6478827: 8941kg (53%)
FVGU4950690: 8468kg (53%)
JGLU2979240: 11284kg (53%)
RRBU2465572: 15219kg (53%)
JIFZ3086570: 7948kg (53%)
KTAU7749252: 11327kg (53%)
KCLZ8437301: 15186kg (53%)
NGUJ9437736: 15317kg (53%)
DGWZ4279377: 15304kg (53%)
ONHJ8004979: 15645kg (53%)
TGGU8357768: 8991kg (53%)
TIRZ2789049: 8688kg (53%)
DXTJ6708451: 12948kg (52%)
ACJJ0548370: 7084kg (52%)
VQRZ6534912: 15149kg (52%)
RWZU9694536: 13502kg (52%)
IQRZ1877192: 15587kg (52%)
MFUU8130461: 9249kg (52%)
ZOCJ9302540: 13663kg (52%)
EJSU8781735: 6488kg (52%)
IDLU4999163: 10976kg (52%)
GBQU9750873: 8059kg (52%)
WFHU3649768: 11829kg (52%)
JYXJ8808791: 9272kg (52%)
TNRU3822305: 13479kg (52%)
JJQJ7164666: 12240kg (52%)
XJZZ1664341: 11829kg (52%)
UOFJ4305097: 9029kg (52%)
QHLJ1518876: 12238kg (52%)
BTRU6988780: 15113kg (51%)
CNUZ7340143: 8885kg (51%)
VSUU7870015: 11786kg (51%)
SGIJ8940172: 14073kg (51%)
JQOZ2732363: 12267kg (51%)
WYFZ3624706: 12787kg (51%)
BIOZ4151061: 12707kg (51%)
NRUU8052631: 13121kg (51%)
FVMU0929078: 15155kg (51%)
KDAJ7204611: 6439kg (51%)
PDJU5939589: 10574kg (51%)
YXTZ3623555: 7458kg (51%)
TQIZ2600675: 7154kg (51%)
DHEU4084093: 6261kg (51%)
CWEJ8154249: 15019kg (51%)
WCAU8209209: 8025kg (51%)
CKGU2244019: 10843kg (51%)
FRAJ0318490: 5476kg (51%)
DKLU4780508: 9360kg (51%)
MDJZ9230414: 11041kg (51%)
ZRDU1867525: 15114kg (51%)
LLXZ8008225: 14253kg (51%)
HOBZ8760117: 9474kg (51%)
PPBU4933361: 13216kg (51%)
FFWU0259036: 12891kg (51%)
MRDZ5823871: 13616kg (50%)
TWDJ0542840: 14278kg (50%)
MLCJ6448571: 9875kg (50%)
JVJU4657142: 9810kg (50%)
ULLZ8272757: 12543kg (50%)
NRSZ5197277: 11051kg (50%)
RKDU1992474: 11693kg (50%)
SDRU8191784: 12822kg (50%)
NUQJ7465060: 13452kg (50%)
TJTU8647870: 7655kg (50%)
QUIJ1236987: 11357kg (50%)
PZDJ4920937: 13835kg (50%)
NWTJ7347650: 8895kg (50%)
OHZU5232585: 9961kg (50%)
GUEU5793361: 14893kg (50%)
BKMU3987813: 14758kg (50%)
EWEZ6625975: 8120kg (49%)
DHWJ6501396: 10503kg (49%)
LMLJ1806748: 11518kg (49%)
QTEZ8991713: 5896kg (49%)
BLZJ4676902: 11804kg (49%)
RTHJ6476803: 8642kg (49%)
XXVU7378158: 11410kg (49%)
PUFU9188994: 8403kg (49%)
QHOZ0424114: 11739kg (49%)
HZGU8584188: 13670kg (49%)
SMVU6311658: 11848kg (49%)
JAJJ4201850: 13835kg (49%)
XFLZ2712507: 8647kg (49%)
XYGU5512173: 5329kg (49%)
DCZZ7571280: 12968kg (48%)
RSYJ5781095: 9360kg (48%)
WBNZ2214519: 13857kg (48%)
CSSJ0879674: 8821kg (48%)
CPEZ3587804: 6662kg (48%)
GTOJ6390593: 10484kg (48%)
CAYJ0627915: 13916kg (48%)
FVPJ3347518: 6148kg (48%)
IWWJ1230977: 10598kg (48%)
DWDJ3167982: 8470kg (48%)
FYAJ9870410: 8856kg (48%)
CAFU6701865: 8465kg (48%)
GCPJ6685787: 9542kg (48%)
QYAJ8611607: 13281kg (48%)
ZEBZ4726185: 7954kg (47%)
ZWJU4183841: 12522kg (47%)
FEUJ1775761: 13267kg (47%)
UPYU6976217: 13466kg (47%)
TZSJ9714814: 12984kg (47%)
SYZU8347180: 11483kg (47%)
WZZJ8890918: 10451kg (47%)
MAAU3455344: 7856kg (47%)
VNXU0431189: 7967kg (47%)
XLAJ1199864: 10684kg (47%)
SDSZ3655354: 9035kg (47%)
IVZZ8363485: 6687kg (47%)
ZIAZ7993798: 13729kg (47%)
CDHJ1593024: 13817kg (47%)
JRHJ2412891: 10583kg (47%)
CHCJ1653241: 6747kg (47%)
USWJ6986235: 12235kg (47%)
NFLU5985994: 6479kg (47%)
KTRU0883660: 11279kg (47%)
WNFU0847267: 8894kg (46%)
XHSJ1741809: 10126kg (46%)
FSYZ5502303: 6800kg (46%)
CJRJ0816422: 12744kg (46%)
YDJU6674326: 8718kg (46%)
BYWJ2777969: 5921kg (46%)
VEAJ2896546: 7686kg (46%)
ZVYJ1638739: 13151kg (46%)
QHPU4243665: 5596kg (46%)
PZGU6814345: 7130kg (46%)
HKBU9634639: 8202kg (45%)
NRNJ0220923: 13172kg (45%)
LIFZ7091166: 10583kg (45%)
ZOCZ3479752: 8337kg (45%)
WWHZ2699950: 11860kg (45%)
OURJ5310500: 10434kg (45%)
CTNU1699950: 7213kg (45%)
GCUJ8452107: 7775kg (45%)
HGMJ7263035: 11308kg (45%)
GASZ8508282: 6252kg (45%)
AFBJ1799776: 8993kg (45%)
TBFU9171280: 7063kg (45%)
PUYJ7699266: 5346kg (45%)
PRAZ7682679: 8698kg (45%)
NEWJ3821598: 11731kg (45%)
SSBZ8710971: 11279kg (45%)
ADAU4545449: 11733kg (45%)
ADKU7365074: 10112kg (45%)
JGGU3460131: 7233kg (45%)
MUWU7155970: 12108kg (44%)
EIZJ9056956: 8657kg (44%)
LVDJ7979179: 8684kg (44%)
QCBU0645760: 9534kg (44%)
GVXJ1676013: 12966kg (44%)
IUFJ2287414: 5167kg (44%)
FADU4494126: 7586kg (44%)
QATU9342106: 8248kg (44%)
PZZJ4232311: 12527kg (44%)
BQSU6106707: 5544kg (44%)
KYTJ0649311: 5090kg (44%)
KBVJ5307774: 8526kg (44%)
EMWJ8851869: 12729kg (44%)
TIMJ1718036: 9531kg (44%)
YCHJ9509368: 4515kg (44%)
IWDU5196112: 7106kg (44%)
JKKJ8159885: 8048kg (44%)
ZAQJ7695407: 7032kg (44%)
ZXDZ7420300: 12349kg (44%)
PVGJ7553947: 9699kg (44%)
CQZJ2165299: 5990kg (44%)
KHZZ0862531: 12629kg (44%)
UOFU2370369: 11054kg (43%)
ZRMJ2832618: 5151kg (43%)
SCNJ0577927: 11954kg (43%)
ADBU4035699: 9386kg (43%)
MHZJ1561377: 8020kg (43%)
RZPJ1078625: 7539kg (43%)
TKRU7311773: 10372kg (43%)
DHBJ7828635: 12796kg (43%)
QCXJ7980460: 11293kg (43%)
UEIU4627810: 10222kg (43%)
AYHJ0758464: 9921kg (43%)
FBGU0585881: 9450kg (43%)
IKXJ1620769: 9152kg (42%)
AOXZ8090680: 8661kg (42%)
KTHU3227485: 7166kg (42%)
YXIZ3124286: 9989kg (42%)
AQQJ7501425: 8171kg (42%)
HKDJ9430071: 5600kg (42%)
TIMJ6588473: 10849kg (42%)
LCOU1201356: 11477kg (42%)
WNZZ8345581: 10084kg (42%)
EGJU5511040: 7097kg (42%)
YSDJ7574173: 5599kg (42%)
UGOU2153994: 6064kg (42%)
IGDJ8729338: 10816kg (42%)
QTGZ2969222: 5143kg (42%)
KONZ2288963: 10008kg (42%)
ZLCU6038398: 7559kg (42%)
CGIU0203308: 7065kg (41%)
JBUJ5042741: 9974kg (41%)
MZBU9978984: 7210kg (41%)
WXOZ4460378: 10531kg (41%)
VDZJ9306855: 8727kg (41%)
MBWZ6701890: 12150kg (41%)
HNVU7792181: 12127kg (41%)
LEPZ6231127: 10906kg (41%)
HAGU8536045: 10032kg (41%)
IWXZ3308076: 10924kg (41%)
LXPJ5986352: 9724kg (41%)
ZJLJ4112665: 6601kg (41%)
DXEU2504397: 11726kg (41%)
HSTJ4561966: 12155kg (41%)
GHNZ1569089: 7377kg (41%)
BIEU6280013: 7415kg (40%)
FRKZ7461925: 6770kg (40%)
VRFU0143015: 7717kg (40%)
UHHZ6283780: 6793kg (40%)
BMLZ1673169: 8410kg (40%)
TNHZ3529757: 10460kg (40%)
RWEJ7698776: 9535kg (40%)
OOKU4322879: 7489kg (40%)
HSGZ7853868: 9321kg (40%)
CKSJ5075314: 6705kg (40%)
TLOJ7799618: 4974kg (40%)
XILU9704559: 10685kg (40%)
BCRZ5739034: 9206kg (40%)
VJTZ4623018: 11078kg (40%)
KVCZ0420636: 7630kg (40%)
UEYZ9478666: 7698kg (40%)
XAMU0435350: 9950kg (40%)
KMTU5031022: 5445kg (40%)
ERIU9061255: 11592kg (40%)
QWJJ1964093: 12123kg (40%)
JDXZ8719745: 8325kg (40%)
MKQZ3248075: 6059kg (40%)
VQZU7876219: 10646kg (40%)
FNVJ9968064: 10531kg (40%)
KKQZ0050082: 8411kg (39%)
CGLU1055744: 5051kg (39%)
EJLZ1878708: 7518kg (39%)
XAHU1757523: 7946kg (39%)
OVEJ5532663: 4680kg (39%)
PBOZ8938902: 11510kg (39%)
MKLJ8200713: 10821kg (39%)
KEMJ9050253: 7724kg (39%)
BURZ7655768: 7708kg (39%)
DPLZ4073965: 10320kg (39%)
ZZKJ7594088: 8371kg (39%)
JSTU4404910: 9885kg (39%)
BQTZ0091659: 9933kg (39%)
XIMZ3288336: 10436kg (39%)
ZRUU0744543: 8017kg (39%)
SPHZ6634351: 4962kg (39%)
JRLJ9771557: 6342kg (39%)
FINZ8736455: 4045kg (39%)
KHBZ6379137: 4983kg (39%)
WULZ7944822: 8866kg (39%)
FCGZ0473551: 7909kg (39%)
JWDU0574112: 7841kg (39%)
TCWJ8523786: 4951kg (39%)
XRCJ0066939: 6469kg (39%)
YHCZ8725089: 7374kg (39%)
ECBZ9437566: 8103kg (39%)
UJZJ6440312: 10863kg (38%)
ROGJ3192382: 7856kg (38%)
LEUZ4466399: 7192kg (38%)
PACJ7300372: 7071kg (38%)
FOLU3720108: 7855kg (38%)
IJIZ1360853: 9957kg (38%)
LXZJ2299789: 8977kg (38%)
WGNJ4908727: 6213kg (38%)
EJKJ9272983: 7547kg (38%)
SQDZ8069154: 9100kg (38%)
OEEJ3389453: 9923kg (38%)
ZBQJ6208513: 6566kg (38%)
FEIJ8668911: 10472kg (38%)
KYQU3251954: 7766kg (38%)
NNRU7434578: 5636kg (38%)
CGPU3374590: 7875kg (38%)
OYTJ8359309: 6507kg (37%)
VVFU7318516: 6604kg (37%)
VWAU0828161: 4915kg (37%)
LOYU7229118: 8368kg (37%)
KDBU3999895: 8632kg (37%)
CSSU7373239: 7676kg (37%)
ZTAU7784438: 6050kg (37%)
QUKZ0889967: 6362kg (37%)
SMMJ8663716: 5501kg (37%)
DTAU3282875: 5477kg (37%)
TFPJ0640176: 6362kg (37%)
OJJJ7745185: 5972kg (37%)
AYZJ6770023: 7954kg (37%)
CAWU4788654: 6813kg (37%)
YDTJ5868355: 8162kg (37%)
CTMU4963199: 7114kg (37%)
TFPJ9394048: 7972kg (37%)
CEVU0087458: 9954kg (37%)
WXSU1681289: 5187kg (36%)
HKOZ4761737: 9453kg (36%)
SWAJ2131791: 4702kg (36%)
ETHU3915018: 5953kg (36%)
CBSJ5850996: 10557kg (36%)
GMFU0990160: 6875kg (36%)
KWXU2251709: 6966kg (36%)
GOKZ3040534: 6858kg (36%)
RTVU7219242: 8911kg (36%)
QMIZ6073702: 5736kg (36%)
HWFZ5850528: 10551kg (36%)
NNCJ2350675: 3999kg (36%)
VIOZ8590687: 7818kg (36%)
TVBU0154485: 9926kg (36%)
LFYJ2855364: 7519kg (36%)
PFDZ0905003: 10131kg (36%)
WKOZ6045366: 7240kg (36%)
UKTZ0853783: 5850kg (35%)
JXLJ5028787: 6698kg (35%)
YIAU8630234: 7467kg (35%)
DNGJ3441185: 6296kg (35%)
SWLZ8684214: 6185kg (35%)
NNFZ8193148: 5903kg (35%)
MKQZ0444541: 7770kg (35%)
EJTU0641882: 4569kg (35%)
EWNU3796098: 8106kg (35%)
FSNU9686634: 9313kg (35%)
BPLJ4202925: 5573kg (35%)
IJTU7477743: 10171kg (35%)
PVXZ8428356: 6053kg (35%)
ZBIU1552333: 9482kg (35%)
JISZ0937221: 10438kg (35%)
ZTMZ1006257: 5561kg (35%)
DNXU2260633: 3630kg (35%)
OGCJ9880564: 9450kg (35%)
KFLU2194885: 7867kg (35%)
XWLU0601877: 8986kg (35%)
ALIJ7143582: 6550kg (35%)
FQRU9632541: 4829kg (35%)
JMGZ2799406: 4629kg (35%)
CCYJ9471430: 5519kg (35%)
SQSJ6127068: 4707kg (35%)
XQYZ1507626: 8081kg (34%)
QIYZ3299738: 6829kg (34%)
PNHZ3907659: 6471kg (34%)
IEJZ3568286: 5115kg (34%)
AOJJ4685514: 8533kg (34%)
QUSU5981732: 4277kg (34%)
BWZU1612496: 9619kg (34%)
YUAZ1662550: 5095kg (34%)
IHAZ6366740: 8412kg (34%)
UCXJ9381650: 8872kg (34%)
TWHU1144036: 5303kg (34%)
PTVJ5283917: 9387kg (34%)
LENJ0036514: 6560kg (34%)
TEBU2221679: 9540kg (34%)
NTXZ8128690: 10129kg (34%)
DDXZ9247614: 5606kg (34%)
KCXU7911706: 9920kg (34%)
ALEU0240667: 10195kg (34%)
RNSJ7693911: 8956kg (34%)
OBXJ7789348: 7614kg (34%)
GGMU1601316: 8261kg (34%)
OCEZ3006154: 5447kg (34%)
OGVU9598124: 7001kg (34%)
LXEZ9947788: 6973kg (34%)
DMHJ9822456: 9309kg (34%)
PUGJ3097580: 8548kg (34%)
XVPZ6502999: 9244kg (34%)
YUUJ8926801: 8945kg (34%)
PDKZ6280305: 6546kg (34%)
FZUJ6336612: 6544kg (34%)
FVQJ4369510: 7764kg (34%)
IQFU2313644: 7912kg (34%)
NLRU5333213: 8387kg (33%)
ABHJ6600200: 7098kg (33%)
OTQZ4306557: 6967kg (33%)
NAIZ2200334: 5570kg (33%)
KGLJ6141969: 5388kg (33%)
EATZ6153696: 9212kg (33%)
FOQZ8915972: 5883kg (33%)
KEOU0334374: 9430kg (33%)
FBUJ4899186: 7478kg (33%)
ZJXJ0125811: 5849kg (33%)
BGNU6083624: 9986kg (33%)
NJHJ1671066: 9489kg (33%)
XMOU2093729: 9861kg (33%)
TTQJ3349868: 7074kg (33%)
VKTZ5014566: 5939kg (33%)
QKUZ9537895: 7617kg (33%)
HVHJ2531171: 8260kg (33%)
PGVU7103486: 6674kg (33%)
AOFU7623889: 6780kg (33%)
VCEZ2602928: 8416kg (33%)
YKPU6067602: 6262kg (33%)
MGWU1794540: 6389kg (32%)
NCQJ9118931: 5341kg (32%)
NXKZ4500461: 8078kg (32%)
ASDZ1447032: 5494kg (32%)
FVNJ4150551: 7189kg (32%)
XAPU6421065: 4097kg (32%)
WTLU4083396: 5496kg (32%)
ZABZ7199901: 6765kg (32%)
DXVJ5685900: 5851kg (32%)
HAUU7644059: 9265kg (32%)
NEMU1430831: 4171kg (32%)
VMZZ9183692: 5647kg (32%)
JGXU6180144: 5473kg (32%)
MMBJ6209966: 9243kg (32%)
ODYJ0065802: 9648kg (32%)
GYWJ7366356: 6877kg (32%)
JCIU6462276: 7232kg (32%)
SRIU6972257: 3690kg (32%)
TJCZ3959350: 6193kg (32%)
BMSZ5216699: 6440kg (32%)
FFSU5628568: 8157kg (32%)
PCCJ7211751: 5933kg (32%)
IWCU1729146: 6311kg (32%)
QQDU8649681: 6378kg (32%)
HZIZ0068365: 8431kg (32%)
VWUZ5287652: 5063kg (32%)
GSCZ4727475: 5772kg (32%)
XDVU4010889: 6624kg (32%)
SIUU5633551: 6173kg (32%)
BBPZ0385976: 5103kg (32%)
UBNJ9024194: 6870kg (32%)
IRKU9459772: 8834kg (32%)
GLDZ0925238: 5248kg (32%)
UNHJ6222190: 3302kg (31%)
RFNU7786063: 6415kg (31%)
LAFU9808026: 6631kg (31%)
OPVU3641176: 3556kg (31%)
ESUJ4249866: 4069kg (31%)
YJEZ0382206: 3869kg (31%)
VXTU2522045: 7993kg (31%)
MKLU4562115: 7284kg (31%)
RJIJ3361997: 6703kg (31%)
YCOJ7004030: 7786kg (31%)
EULU0181385: 8519kg (31%)
JRZZ6572071: 7820kg (31%)
CXXJ6685767: 5011kg (31%)
XKNJ0456291: 9357kg (31%)
AJFU7249532: 6244kg (31%)
NNHU6070418: 6920kg (31%)
ELYU7674973: 5478kg (31%)
OOPJ5074739: 6044kg (31%)
SNSU4812858: 5792kg (31%)
LJBZ7090195: 4681kg (31%)
VSRZ3877966: 4636kg (31%)
VWWZ7726244: 6065kg (31%)
CXGZ0567368: 3896kg (31%)
OUXU0541756: 5173kg (31%)
IOTZ2474395: 7768kg (31%)
ULVU0855983: 3654kg (31%)
RBGJ1146506: 8935kg (31%)
HHHU1414553: 6980kg (31%)
ICEZ6964409: 8545kg (31%)
PNWZ0860186: 6139kg (31%)
BLLZ9734379: 6716kg (31%)
ZAPU4992034: 8832kg (31%)
GUNJ9093146: 3156kg (31%)
PBPU9167110: 3766kg (31%)
JSSJ0858750: 5240kg (31%)
KSHZ7228981: 5883kg (30%)
JSUZ6220178: 5719kg (30%)
QCLJ7517993: 4522kg (30%)
HERU1946173: 5403kg (30%)
UCEZ3470897: 5634kg (30%)
PBCZ7576406: 8813kg (30%)
JSXZ4762055: 5027kg (30%)
IEQJ6505078: 8450kg (30%)
IKOU4151252: 4629kg (30%)
XYMJ9763784: 7076kg (30%)
DPZZ2882581: 3633kg (30%)
OXAZ4583007: 8132kg (30%)
ONAZ7288366: 7679kg (30%)
WZAJ8617754: 6451kg (30%)
BVEU0165504: 5400kg (30%)
HBYZ1457871: 5797kg (30%)
XCEZ6320630: 8931kg (30%)
HRGZ9853001: 6004kg (30%)
NRJU7907219: 4733kg (30%)
TPCJ7620623: 8851kg (30%)
YVDJ1231809: 6741kg (30%)
BXXZ5687311: 6989kg (30%)
KHQU3927237: 7196kg (30%)
XPAU3591313: 5459kg (30%)
NNUZ1434348: 5465kg (30%)
WOOJ1620262: 8953kg (30%)
UTNZ4956675: 3355kg (29%)
XQPJ8312950: 7969kg (29%)
SKUU5992636: 3911kg (29%)
DCQJ7957182: 7985kg (29%)
FZBJ3775126: 7242kg (29%)
LAQJ4094642: 4175kg (29%)
ZYCZ5212321: 3708kg (29%)
DSVZ1480651: 7272kg (29%)
WXGU9894772: 8203kg (29%)
EUPU4426334: 7690kg (29%)
ISTJ0639314: 5355kg (29%)
NWWU8697927: 3370kg (29%)
HSRJ8818715: 6692kg (29%)
JQJU8670014: 5808kg (29%)
KOZZ2543155: 5911kg (29%)
ZXRJ3953924: 8386kg (29%)
NHOJ3022468: 6693kg (29%)
PLYZ1263071: 3192kg (29%)
STTU6424091: 5278kg (29%)
HURJ4712555: 6915kg (29%)
XXMJ7780043: 6356kg (29%)
YZFZ5674512: 5589kg (29%)
QUSJ7200289: 6709kg (29%)
KUNZ8096502: 6453kg (28%)
UHOU9170729: 7579kg (28%)
NXFJ3626221: 7764kg (28%)
CDUZ4884576: 6854kg (28%)
ALPU9743331: 7934kg (28%)
XQLZ2052619: 6174kg (28%)
IFGJ1435039: 2934kg (28%)
ZEGU9248633: 5033kg (28%)
VRBU6647752: 8124kg (28%)
HBVZ8666413: 3107kg (28%)
UAJU4245593: 5618kg (28%)
OWVZ7998689: 5412kg (28%)
LZCU6119321: 5616kg (28%)
YKNU5716678: 4969kg (28%)
CDGZ7230988: 6111kg (28%)
EGLJ9593228: 6565kg (28%)
ZKDZ0969149: 5121kg (27%)
QIAU3937325: 3943kg (27%)
GDBZ1803636: 6905kg (27%)
JAYZ0507232: 7120kg (27%)
RSJZ7903764: 5067kg (27%)
ZJFZ1565980: 3736kg (27%)
ENPZ1823547: 4652kg (27%)
CATJ8714110: 4489kg (27%)
QDVZ4265544: 6600kg (27%)
ONLU9960459: 4337kg (27%)
SWJU7998587: 6391kg (27%)
EJUZ5943098: 5132kg (27%)
DWDJ3012144: 7676kg (27%)
LWAU6274003: 8081kg (27%)
BNGZ4479095: 5523kg (27%)
BPMZ4210446: 7967kg (27%)
TQIU3236287: 5411kg (27%)
CAJJ7485212: 4971kg (27%)
EAQU8352970: 4547kg (27%)
PFPU8697924: 4182kg (27%)
PFIU4757837: 3681kg (26%)
LYDU4904150: 3557kg (26%)
TELU7164045: 6475kg (26%)
NNDU2529608: 7021kg (26%)
DHHJ3963253: 4613kg (26%)
AAFJ3715179: 6612kg (26%)
QWDU6897467: 4609kg (26%)
ZFFJ1768649: 4841kg (26%)
EPXZ0639767: 5730kg (26%)
JQAZ8606988: 4070kg (26%)
HESU6034045: 7445kg (26%)
WFVZ0589923: 4878kg (26%)
TLOU8501140: 7318kg (26%)
CUCZ4302096: 4453kg (26%)
PTOU3392780: 3011kg (26%)
GYSZ8303778: 6771kg (26%)
RWAU8060181: 4873kg (26%)
IHVJ2928381: 5633kg (26%)
WZNU4153398: 7706kg (26%)
NNIZ2329167: 3667kg (26%)
PEBU5532208: 5696kg (26%)
HMBZ9006431: 7513kg (26%)
BNYZ6993239: 6627kg (25%)
JKMJ9019464: 3607kg (25%)
TMBZ5147872: 3587kg (25%)
MJVZ7604598: 6366kg (25%)
TWSU4936330: 4268kg (25%)
VXEJ1585289: 6461kg (25%)
RNEZ1264137: 6087kg (25%)
LWQU6157615: 6419kg (25%)
NOQJ1096420: 6068kg (25%)
WVXZ6915941: 3665kg (25%)
FOYJ0846726: 4152kg (25%)
JBHJ5229602: 5741kg (25%)
SORU0765662: 6252kg (25%)
LSDJ8575098: 5628kg (25%)
BZMZ9278747: 4956kg (25%)
ULEZ4349743: 5234kg (25%)
UDMU4291620: 6321kg (25%)
XLDZ5932846: 3362kg (25%)
QCPJ0095719: 3657kg (25%)
NYOZ2129380: 3291kg (25%)
QRWU1006828: 4532kg (25%)
LBUU1414853: 4040kg (24%)
ZUXU0393094: 2483kg (24%)
ELHJ9592526: 5125kg (24%)
KDCJ2725574: 7066kg (24%)
UKNZ8015143: 4978kg (24%)
NKRJ7129374: 6511kg (24%)
YHMJ8010242: 5011kg (24%)
ZVHZ2427551: 4813kg (24%)
YLMZ2097431: 5344kg (24%)
PODU5795991: 6339kg (24%)
LJQJ5345265: 4666kg (24%)
WAJZ7685601: 3832kg (24%)
XDHZ3534721: 6282kg (24%)
RLWU6557154: 2825kg (24%)
RDTZ3823487: 5991kg (24%)
FTUU6203486: 5533kg (23%)
CGAZ0384666: 5532kg (23%)
PYTZ2992542: 5447kg (23%)
YYKZ1759633: 3655kg (23%)
DWIZ3168363: 4368kg (23%)
UKYZ5775442: 6384kg (23%)
IEDZ6157644: 3607kg (23%)
TZXJ9047845: 4903kg (23%)
WDJZ9439405: 4704kg (23%)
IPJZ8689121: 5924kg (23%)
TSVU7768150: 5589kg (23%)
PDTJ4816907: 2784kg (23%)
NAJJ3563608: 5129kg (23%)
ABNZ2855706: 6182kg (23%)
NXTU6405546: 4011kg (23%)
GXZU1404946: 2712kg (23%)
LGRJ0808742: 5048kg (23%)
PEAZ0628938: 3611kg (23%)
MXOU5797307: 5507kg (23%)
YULU8567676: 6412kg (23%)
CQJU3298342: 5820kg (23%)
RJGU0028086: 5058kg (23%)
PHJU7467000: 6358kg (23%)
QEPJ2755366: 5563kg (23%)
RQTU2292446: 5611kg (23%)
JDCU9081887: 4742kg (23%)
AKOU0150468: 5851kg (23%)
ANYZ0055844: 5454kg (23%)
ESXZ9076656: 5068kg (23%)
ZKQZ9487467: 4440kg (23%)
UPNJ5477100: 3715kg (23%)
FHVJ3345456: 3854kg (23%)
DNUJ0697986: 3580kg (23%)
LZHU2217493: 4275kg (23%)
XCZJ0318316: 4052kg (23%)
DGHU7972853: 4729kg (23%)
JWOU0513669: 3255kg (23%)
DUYJ9328048: 6028kg (23%)
KLQU5758674: 4260kg (22%)
LCPJ6334293: 5107kg (22%)
LRDJ5505674: 4701kg (22%)
SSFU4931453: 5941kg (22%)
ESYJ7675886: 5219kg (22%)
WRVU3697669: 5490kg (22%)
UQYJ3553328: 3142kg (22%)
GSEJ4729332: 3084kg (22%)
TBKU2045596: 5025kg (22%)
RDYZ7207093: 4171kg (22%)
FGEJ5946486: 4618kg (22%)
RTLZ0061244: 5357kg (22%)
WVBJ9806131: 4781kg (22%)
HIOU6355285: 5933kg (22%)
VAOZ1359452: 2893kg (22%)
ZTKU4714948: 5933kg (22%)
SWNU8508223: 3908kg (22%)
SOQJ5588335: 5620kg (22%)
MCTU4882404: 3797kg (22%)
BWJJ0759783: 5278kg (21%)
YSHJ8146920: 4952kg (21%)
KOMU4512756: 3997kg (21%)
IMIU0344697: 3836kg (21%)
ZXJZ0153646: 5042kg (21%)
PVQZ9878027: 6028kg (21%)
DELZ3315885: 4659kg (21%)
JELU5486426: 2822kg (21%)
MOAJ8098248: 2875kg (21%)
XFUZ0439678: 4612kg (21%)
LEJJ8163474: 4587kg (21%)
XTDJ5456044: 3831kg (21%)
SPLZ0593818: 4934kg (21%)
BQRJ7533928: 4201kg (21%)
BOYU9581204: 3240kg (21%)
ADUZ4881707: 5546kg (21%)
KBBU5557105: 4159kg (21%)
SUQZ0602028: 5165kg (21%)
LHWJ8416808: 4317kg (21%)
SPBU8770446: 4915kg (21%)
BZLZ5510013: 3321kg (21%)
LTUU3252383: 2665kg (21%)
HBCJ6443429: 2762kg (21%)
GGTZ9104975: 4528kg (21%)
INPJ7731671: 4758kg (21%)
HKSZ0413845: 4502kg (21%)
KEDU5629963: 5380kg (21%)
KLQZ5658886: 5328kg (20%)
CXWJ2348602: 4133kg (20%)
PEJJ3571468: 5542kg (20%)
JXKU6322417: 5852kg (20%)
CEBZ3499876: 4781kg (20%)
IQSZ4455033: 4685kg (20%)
SZTJ5361158: 2935kg (20%)
AFEU3838940: 3421kg (20%)
MVLJ5318550: 3371kg (20%)
BNOU3880560: 4076kg (20%)
VUDZ1064196: 4184kg (20%)
LMNU2748349: 3543kg (20%)
FDDU8569596: 4041kg (20%)
SIAJ4199927: 5432kg (20%)
YYBU4654450: 4817kg (20%)
CQQZ7503541: 4671kg (20%)
KCZJ3949588: 3492kg (20%)
BQHJ7011380: 5939kg (20%)
RBHU0684291: 2775kg (20%)
KVLZ9334125: 2909kg (20%)
NSKJ1433061: 3662kg (20%)
TASU8488382: 4228kg (20%)
JYFU0658179: 4447kg (20%)
TELJ9503419: 3908kg (20%)
JVEU3181664: 4697kg (20%)
FZPJ6463136: 5951kg (20%)
LYVJ0320974: 4807kg (20%)
TIJU5372703: 5907kg (20%)
RMBZ4106347: 3448kg (20%)
PMTU3956639: 5772kg (19%)
TBJU3126282: 3948kg (19%)
JCNJ4588264: 5704kg (19%)
CCCJ3834353: 4330kg (19%)
OOZU3464405: 5132kg (19%)
UYJU2465072: 3344kg (19%)
MGGZ2996928: 4680kg (19%)
VCTJ5506920: 4231kg (19%)
HEMZ6820233: 2240kg (19%)
LOQU7613632: 5814kg (19%)
LFOZ5065084: 2617kg (19%)
KQDZ1540880: 3382kg (19%)
ZGHZ3831863: 3496kg (19%)
YEFJ7757523: 4493kg (19%)
SNEZ3920649: 3597kg (19%)
MIHZ3229512: 4574kg (19%)
OLCJ8581537: 5174kg (19%)
WJVZ0758164: 4283kg (19%)
GXBU2791461: 4638kg (19%)
HIGZ5547347: 3183kg (19%)
KLNJ7712087: 4359kg (19%)
AYUJ3670019: 3497kg (19%)
NFYU0985258: 5373kg (19%)
TVAZ0332497: 5043kg (19%)
VXBZ9769568: 3122kg (19%)
BCIU1183883: 4211kg (19%)
JZBU4261010: 5137kg (19%)
FHYU1020496: 5378kg (19%)
WQJZ4615346: 4161kg (18%)
HHUJ6793693: 4001kg (18%)
CYGZ0219949: 2251kg (18%)
JULJ7667007: 4285kg (18%)
BQJU6854350: 2940kg (18%)
YBOJ1687846: 2482kg (18%)
CYPU8630033: 4817kg (18%)
YNUU9398590: 2146kg (18%)
AGFZ3691881: 2973kg (18%)
KNJJ4262474: 4789kg (18%)
DDNU9401887: 4893kg (18%)
XEVU6566002: 2470kg (18%)
OUEZ8348296: 3399kg (18%)
FVHU1423535: 3842kg (18%)
BMTU8116222: 4191kg (18%)
KTBJ5112958: 3382kg (18%)
YNDJ6994482: 4192kg (18%)
PMHU3232769: 4663kg (18%)
PYNU1370112: 4743kg (18%)
AJVZ3334707: 3858kg (18%)
SNFZ4199042: 4460kg (18%)
CALU6980912: 4125kg (18%)
NYRJ5651082: 4419kg (18%)
JFRU4069641: 3655kg (18%)
FOZZ7855553: 2560kg (18%)
NQUZ0482416: 1896kg (18%)
MJTZ2001981: 3043kg (18%)
TYZZ3823202: 3967kg (18%)
XRVU8602134: 3546kg (18%)
FMWJ6398941: 2358kg (18%)
GCZU2656211: 4750kg (18%)
MGXZ0037312: 3200kg (18%)
EELJ6468226: 2447kg (17%)
WELU4786595: 3767kg (17%)
GDSZ9036955: 1878kg (17%)
RXCJ6814746: 3547kg (17%)
XPDJ9203787: 3909kg (17%)
LRRJ5552169: 2399kg (17%)
YGNZ8099556: 2481kg (17%)
CGXJ4857495: 4883kg (17%)
SLKJ9483117: 2640kg (17%)
SBDZ0056420: 3617kg (17%)
NRZU6428631: 2308kg (17%)
MTLJ4204798: 2886kg (17%)
FDOU3450888: 4601kg (17%)
XFAZ2364588: 3962kg (17%)
FQXZ6777258: 4848kg (17%)
MBHZ7094692: 1774kg (17%)
GZZJ8422974: 3275kg (17%)
VXXU3230901: 3404kg (17%)
ZFCZ6976060: 2280kg (17%)
ANGJ0457109: 2578kg (16%)
AVTJ5145675: 4151kg (16%)
CTRU2038766: 3133kg (16%)
ADLU3085076: 3650kg (16%)
TVEZ9694262: 2122kg (16%)
JEQU4256587: 4348kg (16%)
OQCZ8289581: 2824kg (16%)
AUCZ4272851: 4628kg (16%)
LRLJ2384587: 1774kg (16%)
RQVJ8429251: 2032kg (16%)
SFZZ5155998: 1881kg (16%)
VBQU3684983: 3429kg (16%)
UFSU7633309: 4758kg (16%)
VLEJ5285547: 1883kg (16%)
VRHU7694070: 2611kg (16%)
TCRZ5614640: 3639kg (16%)
ZECZ7170013: 3600kg (16%)
BPNJ1268414: 3059kg (16%)
CPTZ0027339: 3338kg (16%)
KOLJ2598380: 2514kg (16%)
RUWU5038480: 3073kg (16%)
NYAZ4883070: 2260kg (16%)
NVVZ0350126: 2229kg (16%)
JGOU3410196: 3044kg (16%)
GOXZ6331984: 2809kg (16%)
UHYZ8855009: 3822kg (15%)
DHGZ1315831: 4423kg (15%)
RCYU1802575: 2664kg (15%)
IUTU6681605: 3605kg (15%)
MREU1733437: 3215kg (15%)
ORQZ3704244: 2661kg (15%)
IMYZ7464724: 3158kg (15%)
DSCU8695609: 2891kg (15%)
KWOJ8855152: 4347kg (15%)
OTQJ7419819: 2534kg (15%)
TFMJ8673196: 1933kg (15%)
JBQZ7190751: 3512kg (15%)
UOAU6961492: 2997kg (15%)
OGQU8402730: 3639kg (15%)
AZDJ6725392: 3165kg (15%)
ALWJ9574971: 3144kg (15%)
PSPZ2844864: 2138kg (15%)
NKWU1943789: 3382kg (15%)
UBTU4063027: 2270kg (15%)
IUUU8345249: 2010kg (15%)
XCOZ7636792: 3565kg (15%)
ICIZ3683748: 3019kg (15%)
XWGU3246397: 4182kg (15%)
VZNZ7766309: 2374kg (15%)
EKQJ2854349: 2431kg (15%)
TSHJ3358113: 2776kg (15%)
FXOZ0103736: 3301kg (15%)
CFNU7792224: 3155kg (15%)
RKFU4082867: 1973kg (15%)
LWVU3812479: 2185kg (14%)
BPUJ7353044: 4199kg (14%)
YUQZ2012210: 2574kg (14%)
NELZ2619525: 1868kg (14%)
PGEJ4160851: 3490kg (14%)
IEHJ1776736: 4177kg (14%)
KZTJ5709769: 2663kg (14%)
QSIZ8633304: 3008kg (14%)
HEDZ0145521: 2608kg (14%)
GGXZ9785188: 3267kg (14%)
QYNJ5453938: 3316kg (14%)
HXWJ6184443: 2286kg (14%)
MMMZ9633655: 2867kg (14%)
UXHJ5643991: 2692kg (14%)
ELIZ1133348: 2867kg (14%)
MYIU6477068: 2864kg (14%)
TFUU1791177: 3503kg (14%)
JMAZ8738137: 3753kg (14%)
PNLZ0825053: 3923kg (14%)
CXVU9516153: 2549kg (14%)
HQGU0885315: 2911kg (14%)
VEUU1363710: 2516kg (14%)
BQBJ7654891: 4292kg (14%)
FPYJ9020166: 2005kg (14%)
UFHZ1396612: 1514kg (13%)
QZRU3728225: 3336kg (13%)
NNRZ2022792: 3821kg (13%)
EHBU2438254: 3076kg (13%)
QKKZ7349265: 2342kg (13%)
MBNZ7106377: 2794kg (13%)
KHLZ1492930: 1824kg (13%)
PTYU8239865: 2055kg (13%)
VNUU5586023: 2046kg (13%)
QQTZ0875889: 2822kg (13%)
QRSJ1578553: 2533kg (13%)
RKYJ2783204: 3357kg (13%)
OXFJ5344254: 2460kg (13%)
HCOU6473981: 2055kg (13%)
QKDZ9833847: 1497kg (13%)
HIKU3531547: 2535kg (13%)
HUJJ5062666: 3462kg (13%)
AAUU4233602: 2455kg (13%)
PKMJ6974464: 2266kg (13%)
GGBZ8711005: 2151kg (13%)
LLAU0302083: 3324kg (13%)
VRXZ1468877: 1960kg (13%)
GWMZ1193150: 2695kg (13%)
KUTJ8183086: 3221kg (13%)
AZCZ6139263: 3704kg (13%)
ZJLJ9831904: 3023kg (13%)
KJXJ2454609: 2448kg (13%)
ARBJ3626261: 2557kg (13%)
YHRU7034932: 2289kg (12%)
RODZ8583995: 2699kg (12%)
BQGZ5688448: 1375kg (12%)
SSEU0713931: 2482kg (12%)
LTQZ4422481: 2471kg (12%)
KNKJ5207644: 2565kg (12%)
TPIU9682601: 2205kg (12%)
XAYU3798596: 2047kg (12%)
LRIZ1511645: 2488kg (12%)
VTNZ6186827: 3589kg (12%)
UDVZ9656254: 3142kg (12%)
EKBZ2028669: 2145kg (12%)
CYDU3060471: 1329kg (12%)
YVMZ4893510: 2817kg (12%)
GHYZ2380485: 3379kg (12%)
BLYJ5019252: 2808kg (12%)
DEVZ8461632: 2085kg (12%)
QXAZ0537539: 2879kg (12%)
OGAZ5788665: 2777kg (12%)
PROU6353770: 2875kg (12%)
TOJU0309510: 2326kg (12%)
ZVXZ9850499: 3038kg (12%)
FLUJ5195053: 3145kg (12%)
QTKU9008168: 1826kg (11%)
IJYZ8902857: 1367kg (11%)
BHWZ7816992: 1398kg (11%)
RWDJ5099882: 2697kg (11%)
GZTZ9346699: 1776kg (11%)
PKFJ5027968: 2058kg (11%)
IMUU7636748: 2635kg (11%)
DTZU3355136: 2358kg (11%)
GAZJ9780702: 2776kg (11%)
YNQZ5412295: 1549kg (11%)
WVFZ0834900: 3134kg (11%)
LZIJ0331272: 2503kg (11%)
VOWU2849738: 3180kg (11%)
ADEZ6001636: 2974kg (11%)
TUZU6279201: 3368kg (11%)
EEOU1005125: 2783kg (11%)
GXHZ0998168: 2754kg (11%)
TGZU6066269: 2525kg (11%)
ULXZ0318459: 2471kg (11%)
HFOZ4959909: 1806kg (11%)
DYCZ1166661: 3180kg (11%)
DXIU8884277: 2714kg (11%)
AFLU1315887: 2862kg (11%)
IHMJ5138246: 2871kg (11%)
UQMU0325523: 1535kg (11%)
WHWU3924091: 1237kg (11%)
XPVZ9805439: 3148kg (11%)
NMHZ3467407: 2698kg (11%)
RWSJ0535383: 2446kg (11%)
JBUZ0144390: 2643kg (11%)
